<?xml version="1.0" encoding="UTF-8"?>
<testsuite xmlns:xsi="http://www.w3.org/2001/XMLSchema-instance" xsi:noNamespaceSchemaLocation="https://maven.apache.org/surefire/maven-surefire-plugin/xsd/surefire-test-report-3.0.xsd" version="3.0" name="TestSuite" time="74.176" tests="3" errors="0" skipped="0" failures="0">
  <properties>
[...]
</properties>
  <testcase name="runScenario[&quot;View upcoming Honda bikes under 4Lac on ZigWheels&quot;, &quot;Display upcoming Honda bikes under 4Lac in India on ZigWheels&quot;](1)" classname="testRunner.TestRunner" time="17.988">
    <system-out><![CDATA[
@regression
Scenario: View upcoming Honda bikes under 4Lac on ZigWheels                             # Features/UpcomingHondaBikes.feature:7
  Given the user is on the ZigWheels website                                            # stepDefinitions.UpcomingHondaBikes.the_user_is_on_the_zig_wheels_website()

    Embedding ViewupcomingHondabikesunder4LaconZigWheels_Success [image/png 613810 bytes]

  When the user hovers over the New Bikes section                                       # stepDefinitions.UpcomingHondaBikes.the_user_hovers_over_the_section()

    Embedding ViewupcomingHondabikesunder4LaconZigWheels_Success [image/png 496323 bytes]

  And the user selects Upcoming Bikes from the dropdown                                 # stepDefinitions.UpcomingHondaBikes.the_user_selects_upcoming_bikes_from_the_dropdown()

    Embedding ViewupcomingHondabikesunder4LaconZigWheels_Success [image/png 302603 bytes]

  And the user sets the filter Manufacturer to Honda                                    # stepDefinitions.UpcomingHondaBikes.the_user_sets_the_filter_manufacturer_to_honda()

    Embedding ViewupcomingHondabikesunder4LaconZigWheels_Success [image/png 146799 bytes]

  And the user clicks on the View More button                                           # stepDefinitions.UpcomingHondaBikes.the_user_clicks_on_the_view_more_button()

    Embedding ViewupcomingHondabikesunder4LaconZigWheels_Success [image/png 338589 bytes]

[Honda PCX160, Rs. 1.20 Lakh, Expected Launch : Jun 2024]
[Honda Activa Electric, Rs. 1.10 Lakh, Expected Launch : Jun 2024]
[Honda Activa 7G, Rs. 79,000, Expected Launch : Oct 2024]
[Honda CB350 Cruiser, Rs. 2.30 Lakh, Expected Launch : Nov 2024]
[Honda Forza 350, Rs. 3.70 Lakh, Expected Launch : Unrevealed]
[Honda CBR150R, Rs. 1.70 Lakh, Expected Launch : Unrevealed]
[Honda Rebel 300, Rs. 2.30 Lakh, Expected Launch : Unrevealed]
[Honda CRF300L, Rs. 3.30 Lakh, Expected Launch Date : 31 Dec 2050]
  Then the user should filter out the displayed Honda bikes with a price less than 4Lac # stepDefinitions.UpcomingHondaBikes.the_user_should_filter_out_the_displayed_honda_bikes_with_a_price_less_than_4lac()

    Embedding ViewupcomingHondabikesunder4LaconZigWheels_Success [image/png 234126 bytes]

Bike Name List: [Honda PCX160, Honda Activa Electric, Honda Activa 7G, Honda CB350 Cruiser, Honda Forza 350, Honda CBR150R, Honda Rebel 300, Honda CRF300L]
Price List: [Rs. 1.20 Lakh, Rs. 1.10 Lakh, Rs. 79,000, Rs. 2.30 Lakh, Rs. 3.70 Lakh, Rs. 1.70 Lakh, Rs. 2.30 Lakh, Rs. 3.30 Lakh]
Expected Launch Date List: [Jun 2024, Jun 2024, Oct 2024, Nov 2024, Unrevealed, Unrevealed, Unrevealed, 31 Dec 2050]
  And for each bike priced under 4Lac should be added to their respective lists         # stepDefinitions.UpcomingHondaBikes.for_each_bike_priced_under_4lac_should_be_added_to_their_respective_lists()

    Embedding ViewupcomingHondabikesunder4LaconZigWheels_Success [image/png 238616 bytes]

]]></system-out>
    <system-err><![CDATA[SLF4J: Failed to load class "org.slf4j.impl.StaticLoggerBinder".
SLF4J: Defaulting to no-operation (NOP) logger implementation
SLF4J: See http://www.slf4j.org/codes.html#StaticLoggerBinder for further details.
May 11, 2024 6:12:06 AM org.openqa.selenium.devtools.CdpVersionFinder findNearestMatch
WARNING: Unable to find an exact match for CDP version 124, returning the closest version; found: 122; Please update to a Selenium version that supports CDP version 124
ERROR StatusLogger Log4j2 could not find a logging implementation. Please add log4j-core to the classpath. Using SimpleLogger to log to the console...
]]></system-err>
  </testcase>
  <testcase name="runScenario[&quot;View popular used car models in Chennai&quot;, &quot;Display popular used car models in Chennai&quot;](2)" classname="testRunner.TestRunner" time="33.953">
    <system-out><![CDATA[
@sanity
Scenario: View popular used car models in Chennai                # Features/UsedCars.feature:7
  Given the user has the car sales website open in their browser # stepDefinitions.UsedCars.the_user_has_the_car_sales_website_open_in_their_browser()

    Embedding ViewpopularusedcarmodelsinChennai_Success [image/png 613810 bytes]

  When the user hovers over the Used Cars link                   # stepDefinitions.UsedCars.the_user_hovers_over_the_used_cars_link()

    Embedding ViewpopularusedcarmodelsinChennai_Success [image/png 535324 bytes]

  And the user selects Chennai from the dropdown                 # stepDefinitions.UsedCars.the_user_selects_chennai_from_the_dropdown()

    Embedding ViewpopularusedcarmodelsinChennai_Success [image/png 228422 bytes]

  And the user scrolls down to the list of popular models        # stepDefinitions.UsedCars.the_user_scrolls_down_to_the_list_of_popular_models()

    Embedding ViewpopularusedcarmodelsinChennai_Success [image/png 433053 bytes]

230
Maruti Swift 2014-2021 Maruti Swift VXI Optional
Honda City 4th Generation Honda City SV MT
Maruti Swift Dzire Maruti Swift Dzire VXI
Honda City 2015-2017 Honda City i VTEC V
Honda City 2014-2015 Honda City i DTEC VX
Maruti Swift 2014-2021 Maruti Swift VXI Optional
Maruti Swift Maruti Swift ZXI
Toyota Innova 2004-2011 Toyota Innova 2.5 G (Diesel) 8 Seater BS III
Maruti Swift Maruti Swift ZXI
Toyota Innova Toyota Innova 2.5 G (Diesel) 7 Seater
Toyota Innova 2004-2011 Toyota Innova 2.5 G (Diesel) 7 Seater BS III
Maruti Swift Maruti Swift ZXI Plus
Maruti Swift Maruti Swift ZXI
Honda City 4th Generation Honda City V MT
Maruti Swift 2014-2021 Maruti Swift ZXI BSIV
Maruti Swift Dzire Maruti Swift Dzire VXI
Maruti Swift 2018 Maruti Swift VXI
Honda City 4th Generation Honda City V CVT
Honda City 2008-2011 Honda City 1.5 V MT Exclusive
Honda City 2014-2015 Honda City i VTEC CVT SV
Maruti Swift Maruti Swift ZXI AMT
Maruti Swift Maruti Swift VXI
Honda City 2011-2013 Honda City 1.5 S AT
Maruti Swift 2010-2014 Maruti Swift ZDi
Honda City 4th Generation Honda City i-VTEC S
Honda City 2015-2017 Honda City i VTEC V
Honda City 2011-2013 Honda City S
Maruti Swift Dzire 2015-2017 Maruti Swift Dzire AMT ZDI
Maruti Swift Maruti Swift VXI
Honda City 2015-2017 Honda City i VTEC CVT VX
Honda City 2015-2017 Honda City i VTEC VX
Honda City 2015-2017 Honda City i VTEC CVT VX
Honda City 2014-2015 Honda City i VTEC V
Honda City 2015-2017 Honda City i VTEC V
Maruti Swift Dzire Maruti Swift Dzire VXI
Maruti Swift Maruti Swift VXI
Honda City 4th Generation Honda City VX MT
Honda City 4th Generation Honda City VX MT
Honda City 2014-2015 Honda City i VTEC VX
Hyundai i10 Hyundai i10 Era
Maruti Swift 2004-2010 Maruti Swift VDI BSIV
Maruti Swift Maruti Swift VXI
Honda City 2014-2015 Honda City i VTEC E
Honda City 2014-2015 Honda City i VTEC V
Honda City 4th Generation Honda City V CVT
Honda City 2015-2017 Honda City i VTEC V
Maruti Swift Dzire 2015-2017 Maruti Swift Dzire VXI
Honda City 2015-2017 Honda City i VTEC CVT VX
Honda City 2015-2017 Honda City i VTEC VX Option
Maruti Swift 2014-2021 Maruti Swift VXI Optional
Honda City 2015-2017 Honda City i VTEC V
Maruti Swift 2021-2024 Maruti Swift ZXI
Honda City 2014-2015 Honda City i VTEC V
Maruti Swift 2018 Maruti Swift AMT VXI
Honda City 2008-2011 Honda City 1.5 V MT Exclusive
Maruti Swift Maruti Swift VXI
Maruti Swift 2021-2024 Maruti Swift ZXI
Honda City 2015-2017 Honda City i VTEC V
Honda City 2008-2011 Honda City 1.5 V MT Exclusive
Maruti Swift Dzire 2015-2017 Maruti Swift Dzire VXI Optional
Honda City 4th Generation Honda City SV MT
Honda City 2008-2011 Honda City 1.5 S MT
Hyundai i10 2007-2010 Hyundai i10 Sportz 1.2
Maruti Swift Dzire Maruti Swift Dzire VXI BSVI
Honda City 4th Generation Honda City i-VTEC CVT ZX
Honda City 2014-2015 Honda City i VTEC CVT SV
Maruti Swift 2021-2024 Maruti Swift VXI
Maruti Swift 2010-2014 Maruti Swift ZXI
Honda City 2011-2013 Honda City 1.5 S AT
Hyundai i10 Hyundai i10 Era
Honda City 2015-2017 Honda City i DTec V
Hyundai i10 Hyundai i10 Magna 1.1L
Hyundai i10 Hyundai i10 Magna
Honda City 2015-2017 Honda City i VTEC V
Maruti Swift Dzire 2015-2017 Maruti Swift Dzire VXI
Honda City 4th Generation Honda City i-VTEC V
Toyota Fortuner 2016-2021 Toyota Fortuner 2.8 4WD MT
Hyundai i10 Hyundai i10 Magna 1.1L
Mahindra XUV500 Mahindra XUV500 W10 2WD
Honda City 2020-2023 Honda City ZX MT
Maruti Swift Dzire 2015-2017 Maruti Swift Dzire VXI Optional
Maruti Swift Maruti Swift ZXI Plus DT AMT BSVI
Honda City 2014-2015 Honda City i DTEC V
Maruti Swift Maruti Swift ZXI
Hyundai i10 Hyundai i10 Magna
Maruti Swift 2014-2021 Maruti Swift VXI
Hyundai Santro Xing Hyundai Santro Xing GL Plus
Mahindra XUV500 2011-2015 Mahindra XUV500 W8 2WD
Maruti Swift 2014-2021 Maruti Swift LXI Option
Honda City 2008-2011 Honda City 1.5 V MT Exclusive
Toyota Fortuner 2016-2021 Toyota Fortuner TRD AT
Honda City 2015-2017 Honda City i DTec V
Hyundai Santro Xing Hyundai Santro Xing GLS
Maruti Swift Maruti Swift ZXI AMT BSVI
Honda City 2011-2013 Honda City 1.5 S AT
Maruti Swift 2014-2021 Maruti Swift AMT VXI
Maruti Swift Dzire Maruti Swift Dzire ZXI Plus BSVI
Honda City 2015-2017 Honda City i VTEC SV
Maruti Swift Dzire Maruti Swift Dzire VXI
Honda City 2011-2013 Honda City 1.5 S AT
Honda City 4th Generation Honda City Edge Edition SV
Maruti Swift Dzire 2015-2017 Maruti Swift Dzire ZXI
Honda City 2008-2011 Honda City 1.5 V MT Exclusive
Honda City 2015-2017 Honda City i VTEC S
Maruti Swift 2014-2021 Maruti Swift ZXI BSIV
Honda City 2011-2013 Honda City 1.5 S AT
Maruti Swift 2014-2021 Maruti Swift AMT VXI
Honda City 2014-2015 Honda City i DTEC V
Maruti Swift Maruti Swift VXI
Honda City 2015-2017 Honda City i VTEC SV
Maruti Swift Dzire Maruti Swift Dzire VXI AT
Maruti Swift 2014-2021 Maruti Swift VXI
Maruti Swift 2010-2014 Maruti Swift VXI
Maruti Swift Dzire 2015-2017 Maruti Swift Dzire ZXI
Honda City 2015-2017 Honda City i VTEC V
Maruti Swift 2010-2014 Maruti Swift VDI
Honda City 2014-2015 Honda City i VTEC S
Maruti Swift Maruti Swift VXI
Maruti Swift Dzire Maruti Swift Dzire VXI
Maruti Swift 2014-2021 Maruti Swift DDiS VDI
Maruti Swift Dzire 2015-2017 Maruti Swift Dzire ZXI
Maruti Swift Maruti Swift VXI
Honda City 2008-2011 Honda City 1.5 V MT Exclusive
Maruti Swift 2014-2021 Maruti Swift AMT VXI
Maruti Swift 2010-2014 Maruti Swift LXI
Honda City 2014-2015 Honda City i DTEC V
Hyundai Santro Xing Hyundai Santro Xing GLS
Maruti Swift Dzire Maruti Swift Dzire ZXI Plus AT BSVI
Hyundai Santro Xing Hyundai Santro Xing GL
Toyota Fortuner 2016-2021 Toyota Fortuner 2.8 4WD AT
Hyundai Santro Xing Hyundai Santro Xing XL
Maruti Swift 2014-2021 Maruti Swift VDI BSIV
Maruti Swift Dzire 2011-2014 Maruti Swift Dzire ZXI
Honda City 2015-2017 Honda City i VTEC VX
Honda City 4th Generation Honda City SV MT
Honda City 4th Generation Honda City SV MT
Hyundai i10 2007-2010 Hyundai i10 Magna 1.1
Hyundai i10 Hyundai i10 Sportz
Maruti Swift Dzire 2015-2017 Maruti Swift Dzire VXI
Honda City 2015-2017 Honda City i VTEC CVT SV
Honda City 2014-2015 Honda City i VTEC CVT SV
Maruti Swift 2010-2014 Maruti Swift ZXI
Honda City 4th Generation Honda City i-VTEC CVT ZX
Hyundai i10 Hyundai i10 Sportz
Toyota Fortuner 2016-2021 Toyota Fortuner 2.8 2WD MT
Maruti Swift Dzire 2008-2012 Maruti Swift Dzire VXi
Maruti Swift 2010-2014 Maruti Swift VDI
Hyundai i10 Hyundai i10 Magna 1.1L
Maruti Swift Dzire 2008-2012 Maruti Swift Dzire ZXi
Maruti Swift 2010-2014 Maruti Swift VXI
Mahindra XUV500 Mahindra XUV500 W7
Honda City 4th Generation Honda City i-VTEC CVT ZX
Honda City 2015-2017 Honda City i VTEC CVT SV
Mahindra XUV500 2011-2015 Mahindra XUV500 W8 2WD
Honda City 4th Generation Honda City SV MT
Honda City 4th Generation Honda City i-VTEC CVT ZX
Honda City 2020-2023 Honda City VX MT
Maruti Swift 2014-2021 Maruti Swift AMT VVT VXI
Maruti Swift Dzire 2015-2017 Maruti Swift Dzire VXI
Honda City 2011-2013 Honda City S
Honda City 4th Generation Honda City ZX MT
Maruti Swift Dzire 2011-2014 Maruti Swift Dzire VXI
Hyundai i10 Hyundai i10 Magna 1.1L
Maruti Swift Dzire 2015-2017 Maruti Swift Dzire VXi AT
Honda City 2014-2015 Honda City i VTEC CVT VX
Maruti Swift 2014-2021 Maruti Swift VVT VXI
Maruti Swift Dzire Maruti Swift Dzire VXI BSVI
Maruti Swift 2010-2014 Maruti Swift ZDi
Maruti Swift Dzire Tour 2012-2018 Maruti Swift Dzire LXI
Toyota Innova 2012-2013 Toyota Innova 2.5 G (Diesel) 8 Seater
Honda City 2014-2015 Honda City i VTEC CVT SV
Maruti Swift Dzire 2015-2017 Maruti Swift Dzire ZDI
Mahindra XUV500 2011-2015 Mahindra XUV500 W6 2WD
Honda City 4th Generation Honda City V CVT
Hyundai i10 Hyundai i10 Magna
Maruti Swift Dzire Maruti Swift Dzire ZXI AT BSVI
Hyundai i10 Hyundai i10 Magna
Hyundai i10 Hyundai i10 Magna
Toyota Fortuner Toyota Fortuner 4X4 Diesel
Honda City 4th Generation Honda City VX MT
Hyundai Santro Xing Hyundai Santro Xing XO eRLX Euro II
Hyundai i10 Hyundai i10 Magna
Hyundai i10 Hyundai i10 Era
Hyundai i10 2007-2010 Hyundai i10 Era 1.1
Hyundai i10 Hyundai i10 Sportz
Maruti Swift 2014-2021 Maruti Swift ZXI Plus
Maruti Swift Dzire 2008-2012 Maruti Swift Dzire VDi
Hyundai Santro Xing Hyundai Santro Xing XL
Maruti Swift 2014-2021 Maruti Swift AMT VXI
Maruti Swift 2004-2010 Maruti Swift 1.3 VXI ABS
Honda City 2014-2015 Honda City i VTEC VX Option
Maruti Swift Dzire 2015-2017 Maruti Swift Dzire VDI
Maruti Swift 2004-2010 Maruti Swift VDI BSIV
Maruti Swift 2004-2010 Maruti Swift VDI BSIV
Maruti Swift 2004-2010 Maruti Swift 1.3 VXi
Honda City 2015-2017 Honda City i VTEC V
Honda City 2008-2011 Honda City 1.5 V MT
Maruti Swift 2004-2010 Maruti Swift 1.3 VXI ABS
Hyundai i10 Hyundai i10 Magna 1.2 iTech SE
Maruti Swift Dzire 2011-2014 Maruti Swift Dzire LDI
Hyundai i10 2007-2010 Hyundai i10 Magna 1.2
Maruti Swift 2014-2021 Maruti Swift ZXI
Honda City 2008-2011 Honda City 1.5 V AT
Mahindra XUV500 Mahindra XUV500 W6 2WD
Honda City 2015-2017 Honda City i VTEC VX
Honda City 2008-2011 Honda City 1.5 S MT
Toyota Innova 2004-2011 Toyota Innova 2.5 V Diesel 8-seater
Hyundai Santro Xing Hyundai Santro Xing GLS
Maruti Swift 2014-2021 Maruti Swift LXI
Honda City 2015-2017 Honda City i VTEC VX
Maruti Swift Dzire 2011-2014 Maruti Swift Dzire VDI
Maruti Swift Dzire Maruti Swift Dzire VXI BSVI
Honda City 2015-2017 Honda City i VTEC VX
Mahindra XUV500 Mahindra XUV500 AT W10 AWD
Hyundai i10 Hyundai i10 Sportz AT
Hyundai i10 Hyundai i10 Asta Sunroof AT
Hyundai Santro Xing Hyundai Santro Xing GL Plus
Hyundai i10 Hyundai i10 Magna
Hyundai i10 Hyundai i10 Era
Honda City 2008-2011 Honda City 1.5 E MT
Maruti Swift 2014-2021 Maruti Swift ZXI BSIV
Hyundai i10 Hyundai i10 Magna 1.2 iTech SE
Hyundai i10 2007-2010 Hyundai i10 Sportz 1.2 AT
Maruti Swift 2014-2021 Maruti Swift ZXI
Maruti Swift 2014-2021 Maruti Swift ZXI BSIV
Mahindra XUV500 Mahindra XUV500 W8 1.99 mHawk
Maruti Swift 2014-2021 Maruti Swift VXI
Toyota Innova Toyota Innova 2.5 G (Diesel) 8 Seater
Hyundai Santro Xing Hyundai Santro Xing XO
Honda City 2008-2011 Honda City 1.5 S AT
  Then the user should extract all the popular models in a List  # stepDefinitions.UsedCars.the_user_should_extract_all_the_popular_models_in_a_list()

    Embedding ViewpopularusedcarmodelsinChennai_Success [image/png 160041 bytes]

[Maruti Swift 2014-2021 Maruti Swift VXI Optional, Honda City 4th Generation Honda City SV MT, Maruti Swift Dzire Maruti Swift Dzire VXI, Honda City 2015-2017 Honda City i VTEC V, Honda City 2014-2015 Honda City i DTEC VX, Maruti Swift 2014-2021 Maruti Swift VXI Optional, Maruti Swift Maruti Swift ZXI, Toyota Innova 2004-2011 Toyota Innova 2.5 G (Diesel) 8 Seater BS III, Maruti Swift Maruti Swift ZXI, Toyota Innova Toyota Innova 2.5 G (Diesel) 7 Seater, Toyota Innova 2004-2011 Toyota Innova 2.5 G (Diesel) 7 Seater BS III, Maruti Swift Maruti Swift ZXI Plus, Maruti Swift Maruti Swift ZXI, Honda City 4th Generation Honda City V MT, Maruti Swift 2014-2021 Maruti Swift ZXI BSIV, Maruti Swift Dzire Maruti Swift Dzire VXI, Maruti Swift 2018 Maruti Swift VXI, Honda City 4th Generation Honda City V CVT, Honda City 2008-2011 Honda City 1.5 V MT Exclusive, Honda City 2014-2015 Honda City i VTEC CVT SV, Maruti Swift Maruti Swift ZXI AMT, Maruti Swift Maruti Swift VXI, Honda City 2011-2013 Honda City 1.5 S AT, Maruti Swift 2010-2014 Maruti Swift ZDi, Honda City 4th Generation Honda City i-VTEC S, Honda City 2015-2017 Honda City i VTEC V, Honda City 2011-2013 Honda City S, Maruti Swift Dzire 2015-2017 Maruti Swift Dzire AMT ZDI, Maruti Swift Maruti Swift VXI, Honda City 2015-2017 Honda City i VTEC CVT VX, Honda City 2015-2017 Honda City i VTEC VX, Honda City 2015-2017 Honda City i VTEC CVT VX, Honda City 2014-2015 Honda City i VTEC V, Honda City 2015-2017 Honda City i VTEC V, Maruti Swift Dzire Maruti Swift Dzire VXI, Maruti Swift Maruti Swift VXI, Honda City 4th Generation Honda City VX MT, Honda City 4th Generation Honda City VX MT, Honda City 2014-2015 Honda City i VTEC VX, Hyundai i10 Hyundai i10 Era, Maruti Swift 2004-2010 Maruti Swift VDI BSIV, Maruti Swift Maruti Swift VXI, Honda City 2014-2015 Honda City i VTEC E, Honda City 2014-2015 Honda City i VTEC V, Honda City 4th Generation Honda City V CVT, Honda City 2015-2017 Honda City i VTEC V, Maruti Swift Dzire 2015-2017 Maruti Swift Dzire VXI, Honda City 2015-2017 Honda City i VTEC CVT VX, Honda City 2015-2017 Honda City i VTEC VX Option, Maruti Swift 2014-2021 Maruti Swift VXI Optional, Honda City 2015-2017 Honda City i VTEC V, Maruti Swift 2021-2024 Maruti Swift ZXI, Honda City 2014-2015 Honda City i VTEC V, Maruti Swift 2018 Maruti Swift AMT VXI, Honda City 2008-2011 Honda City 1.5 V MT Exclusive, Maruti Swift Maruti Swift VXI, Maruti Swift 2021-2024 Maruti Swift ZXI, Honda City 2015-2017 Honda City i VTEC V, Honda City 2008-2011 Honda City 1.5 V MT Exclusive, Maruti Swift Dzire 2015-2017 Maruti Swift Dzire VXI Optional, Honda City 4th Generation Honda City SV MT, Honda City 2008-2011 Honda City 1.5 S MT, Hyundai i10 2007-2010 Hyundai i10 Sportz 1.2, Maruti Swift Dzire Maruti Swift Dzire VXI BSVI, Honda City 4th Generation Honda City i-VTEC CVT ZX, Honda City 2014-2015 Honda City i VTEC CVT SV, Maruti Swift 2021-2024 Maruti Swift VXI, Maruti Swift 2010-2014 Maruti Swift ZXI, Honda City 2011-2013 Honda City 1.5 S AT, Hyundai i10 Hyundai i10 Era, Honda City 2015-2017 Honda City i DTec V, Hyundai i10 Hyundai i10 Magna 1.1L, Hyundai i10 Hyundai i10 Magna, Honda City 2015-2017 Honda City i VTEC V, Maruti Swift Dzire 2015-2017 Maruti Swift Dzire VXI, Honda City 4th Generation Honda City i-VTEC V, Toyota Fortuner 2016-2021 Toyota Fortuner 2.8 4WD MT, Hyundai i10 Hyundai i10 Magna 1.1L, Mahindra XUV500 Mahindra XUV500 W10 2WD, Honda City 2020-2023 Honda City ZX MT, Maruti Swift Dzire 2015-2017 Maruti Swift Dzire VXI Optional, Maruti Swift Maruti Swift ZXI Plus DT AMT BSVI, Honda City 2014-2015 Honda City i DTEC V, Maruti Swift Maruti Swift ZXI, Hyundai i10 Hyundai i10 Magna, Maruti Swift 2014-2021 Maruti Swift VXI, Hyundai Santro Xing Hyundai Santro Xing GL Plus, Mahindra XUV500 2011-2015 Mahindra XUV500 W8 2WD, Maruti Swift 2014-2021 Maruti Swift LXI Option, Honda City 2008-2011 Honda City 1.5 V MT Exclusive, Toyota Fortuner 2016-2021 Toyota Fortuner TRD AT, Honda City 2015-2017 Honda City i DTec V, Hyundai Santro Xing Hyundai Santro Xing GLS, Maruti Swift Maruti Swift ZXI AMT BSVI, Honda City 2011-2013 Honda City 1.5 S AT, Maruti Swift 2014-2021 Maruti Swift AMT VXI, Maruti Swift Dzire Maruti Swift Dzire ZXI Plus BSVI, Honda City 2015-2017 Honda City i VTEC SV, Maruti Swift Dzire Maruti Swift Dzire VXI, Honda City 2011-2013 Honda City 1.5 S AT, Honda City 4th Generation Honda City Edge Edition SV, Maruti Swift Dzire 2015-2017 Maruti Swift Dzire ZXI, Honda City 2008-2011 Honda City 1.5 V MT Exclusive, Honda City 2015-2017 Honda City i VTEC S, Maruti Swift 2014-2021 Maruti Swift ZXI BSIV, Honda City 2011-2013 Honda City 1.5 S AT, Maruti Swift 2014-2021 Maruti Swift AMT VXI, Honda City 2014-2015 Honda City i DTEC V, Maruti Swift Maruti Swift VXI, Honda City 2015-2017 Honda City i VTEC SV, Maruti Swift Dzire Maruti Swift Dzire VXI AT, Maruti Swift 2014-2021 Maruti Swift VXI, Maruti Swift 2010-2014 Maruti Swift VXI, Maruti Swift Dzire 2015-2017 Maruti Swift Dzire ZXI, Honda City 2015-2017 Honda City i VTEC V, Maruti Swift 2010-2014 Maruti Swift VDI, Honda City 2014-2015 Honda City i VTEC S, Maruti Swift Maruti Swift VXI, Maruti Swift Dzire Maruti Swift Dzire VXI, Maruti Swift 2014-2021 Maruti Swift DDiS VDI, Maruti Swift Dzire 2015-2017 Maruti Swift Dzire ZXI, Maruti Swift Maruti Swift VXI, Honda City 2008-2011 Honda City 1.5 V MT Exclusive, Maruti Swift 2014-2021 Maruti Swift AMT VXI, Maruti Swift 2010-2014 Maruti Swift LXI, Honda City 2014-2015 Honda City i DTEC V, Hyundai Santro Xing Hyundai Santro Xing GLS, Maruti Swift Dzire Maruti Swift Dzire ZXI Plus AT BSVI, Hyundai Santro Xing Hyundai Santro Xing GL, Toyota Fortuner 2016-2021 Toyota Fortuner 2.8 4WD AT, Hyundai Santro Xing Hyundai Santro Xing XL, Maruti Swift 2014-2021 Maruti Swift VDI BSIV, Maruti Swift Dzire 2011-2014 Maruti Swift Dzire ZXI, Honda City 2015-2017 Honda City i VTEC VX, Honda City 4th Generation Honda City SV MT, Honda City 4th Generation Honda City SV MT, Hyundai i10 2007-2010 Hyundai i10 Magna 1.1, Hyundai i10 Hyundai i10 Sportz, Maruti Swift Dzire 2015-2017 Maruti Swift Dzire VXI, Honda City 2015-2017 Honda City i VTEC CVT SV, Honda City 2014-2015 Honda City i VTEC CVT SV, Maruti Swift 2010-2014 Maruti Swift ZXI, Honda City 4th Generation Honda City i-VTEC CVT ZX, Hyundai i10 Hyundai i10 Sportz, Toyota Fortuner 2016-2021 Toyota Fortuner 2.8 2WD MT, Maruti Swift Dzire 2008-2012 Maruti Swift Dzire VXi, Maruti Swift 2010-2014 Maruti Swift VDI, Hyundai i10 Hyundai i10 Magna 1.1L, Maruti Swift Dzire 2008-2012 Maruti Swift Dzire ZXi, Maruti Swift 2010-2014 Maruti Swift VXI, Mahindra XUV500 Mahindra XUV500 W7, Honda City 4th Generation Honda City i-VTEC CVT ZX, Honda City 2015-2017 Honda City i VTEC CVT SV, Mahindra XUV500 2011-2015 Mahindra XUV500 W8 2WD, Honda City 4th Generation Honda City SV MT, Honda City 4th Generation Honda City i-VTEC CVT ZX, Honda City 2020-2023 Honda City VX MT, Maruti Swift 2014-2021 Maruti Swift AMT VVT VXI, Maruti Swift Dzire 2015-2017 Maruti Swift Dzire VXI, Honda City 2011-2013 Honda City S, Honda City 4th Generation Honda City ZX MT, Maruti Swift Dzire 2011-2014 Maruti Swift Dzire VXI, Hyundai i10 Hyundai i10 Magna 1.1L, Maruti Swift Dzire 2015-2017 Maruti Swift Dzire VXi AT, Honda City 2014-2015 Honda City i VTEC CVT VX, Maruti Swift 2014-2021 Maruti Swift VVT VXI, Maruti Swift Dzire Maruti Swift Dzire VXI BSVI, Maruti Swift 2010-2014 Maruti Swift ZDi, Maruti Swift Dzire Tour 2012-2018 Maruti Swift Dzire LXI, Toyota Innova 2012-2013 Toyota Innova 2.5 G (Diesel) 8 Seater, Honda City 2014-2015 Honda City i VTEC CVT SV, Maruti Swift Dzire 2015-2017 Maruti Swift Dzire ZDI, Mahindra XUV500 2011-2015 Mahindra XUV500 W6 2WD, Honda City 4th Generation Honda City V CVT, Hyundai i10 Hyundai i10 Magna, Maruti Swift Dzire Maruti Swift Dzire ZXI AT BSVI, Hyundai i10 Hyundai i10 Magna, Hyundai i10 Hyundai i10 Magna, Toyota Fortuner Toyota Fortuner 4X4 Diesel, Honda City 4th Generation Honda City VX MT, Hyundai Santro Xing Hyundai Santro Xing XO eRLX Euro II, Hyundai i10 Hyundai i10 Magna, Hyundai i10 Hyundai i10 Era, Hyundai i10 2007-2010 Hyundai i10 Era 1.1, Hyundai i10 Hyundai i10 Sportz, Maruti Swift 2014-2021 Maruti Swift ZXI Plus, Maruti Swift Dzire 2008-2012 Maruti Swift Dzire VDi, Hyundai Santro Xing Hyundai Santro Xing XL, Maruti Swift 2014-2021 Maruti Swift AMT VXI, Maruti Swift 2004-2010 Maruti Swift 1.3 VXI ABS, Honda City 2014-2015 Honda City i VTEC VX Option, Maruti Swift Dzire 2015-2017 Maruti Swift Dzire VDI, Maruti Swift 2004-2010 Maruti Swift VDI BSIV, Maruti Swift 2004-2010 Maruti Swift VDI BSIV, Maruti Swift 2004-2010 Maruti Swift 1.3 VXi, Honda City 2015-2017 Honda City i VTEC V, Honda City 2008-2011 Honda City 1.5 V MT, Maruti Swift 2004-2010 Maruti Swift 1.3 VXI ABS, Hyundai i10 Hyundai i10 Magna 1.2 iTech SE, Maruti Swift Dzire 2011-2014 Maruti Swift Dzire LDI, Hyundai i10 2007-2010 Hyundai i10 Magna 1.2, Maruti Swift 2014-2021 Maruti Swift ZXI, Honda City 2008-2011 Honda City 1.5 V AT, Mahindra XUV500 Mahindra XUV500 W6 2WD, Honda City 2015-2017 Honda City i VTEC VX, Honda City 2008-2011 Honda City 1.5 S MT, Toyota Innova 2004-2011 Toyota Innova 2.5 V Diesel 8-seater, Hyundai Santro Xing Hyundai Santro Xing GLS, Maruti Swift 2014-2021 Maruti Swift LXI, Honda City 2015-2017 Honda City i VTEC VX, Maruti Swift Dzire 2011-2014 Maruti Swift Dzire VDI, Maruti Swift Dzire Maruti Swift Dzire VXI BSVI, Honda City 2015-2017 Honda City i VTEC VX, Mahindra XUV500 Mahindra XUV500 AT W10 AWD, Hyundai i10 Hyundai i10 Sportz AT, Hyundai i10 Hyundai i10 Asta Sunroof AT, Hyundai Santro Xing Hyundai Santro Xing GL Plus, Hyundai i10 Hyundai i10 Magna, Hyundai i10 Hyundai i10 Era, Honda City 2008-2011 Honda City 1.5 E MT, Maruti Swift 2014-2021 Maruti Swift ZXI BSIV, Hyundai i10 Hyundai i10 Magna 1.2 iTech SE, Hyundai i10 2007-2010 Hyundai i10 Sportz 1.2 AT, Maruti Swift 2014-2021 Maruti Swift ZXI, Maruti Swift 2014-2021 Maruti Swift ZXI BSIV, Mahindra XUV500 Mahindra XUV500 W8 1.99 mHawk, Maruti Swift 2014-2021 Maruti Swift VXI, Toyota Innova Toyota Innova 2.5 G (Diesel) 8 Seater, Hyundai Santro Xing Hyundai Santro Xing XO, Honda City 2008-2011 Honda City 1.5 S AT]
  And the user displays the same in the console                  # stepDefinitions.UsedCars.the_user_displays_the_same_in_the_console()

    Embedding ViewpopularusedcarmodelsinChennai_Success [image/png 160041 bytes]

]]></system-out>
    <system-err><![CDATA[May 11, 2024 6:12:23 AM org.openqa.selenium.devtools.CdpVersionFinder findNearestMatch
WARNING: Unable to find an exact match for CDP version 124, returning the closest version; found: 122; Please update to a Selenium version that supports CDP version 124
]]></system-err>
  </testcase>
  <testcase name="runScenario[&quot;Login with invalid Google account details&quot;, &quot;Google Login&quot;](3)" classname="testRunner.TestRunner" time="15.67">
    <system-out><![CDATA[
@regression
Scenario: Login with invalid Google account details                           # Features/ZigWheelsLogin.feature:4
  Given the user has the car sales website open in their browser              # stepDefinitions.UsedCars.the_user_has_the_car_sales_website_open_in_their_browser()

    Embedding LoginwithinvalidGoogleaccountdetails_Success [image/png 604017 bytes]

  When the user clicks on the login icon                                      # stepDefinitions.LoginSteps.the_user_clicks_on_the_login_icon()

    Embedding LoginwithinvalidGoogleaccountdetails_Success [image/png 315349 bytes]

  And the user clicks on the Google button                                    # stepDefinitions.LoginSteps.the_user_clicks_on_the_google_button()

    Embedding LoginwithinvalidGoogleaccountdetails_Success [image/png 294681 bytes]

  And the user switches to the new window                                     # stepDefinitions.LoginSteps.the_user_switches_to_the_new_window()

    Embedding LoginwithinvalidGoogleaccountdetails_Success [image/png 61689 bytes]

LPUqv@gmail.com
Couldn’t find your Google Account
OWlla@xyz
Enter a valid email or phone number

Enter an email or phone number
  And the user enters the emailId and clicks on the Next button               # stepDefinitions.LoginSteps.the_user_enters_the_email_id_and_clicks_on_the_next_button()

    Embedding LoginwithinvalidGoogleaccountdetails_Success [image/png 62640 bytes]

[Couldn’t find your Google Account, Enter a valid email or phone number, Enter an email or phone number]
  Then the system should display an error message and print it in the console # stepDefinitions.LoginSteps.the_system_should_display_an_error_message_and_print_it_in_the_console()

    Embedding LoginwithinvalidGoogleaccountdetails_Success [image/png 62663 bytes]

]]></system-out>
    <system-err><![CDATA[May 11, 2024 6:12:57 AM org.openqa.selenium.devtools.CdpVersionFinder findNearestMatch
WARNING: Unable to find an exact match for CDP version 124, returning the closest version; found: 122; Please update to a Selenium version that supports CDP version 124
]]></system-err>
  </testcase>
</testsuite>