<?xml version="1.0" encoding="UTF-8"?>
<testng-results ignored="0" total="3" passed="3" failed="0" skipped="0">
  <reporter-output>
  </reporter-output>
  <suite started-at="2024-05-11T06:12:03 IST" name="Suite" finished-at="2024-05-11T06:13:17 IST" duration-ms="73600">
    <groups>
      <group name="cucumber">
        <method signature="AbstractTestNGCucumberTests.runScenario(io.cucumber.testng.PickleWrapper,io.cucumber.testng.FeatureWrapper)[pri:0, instance:testRunner.TestRunner@247310d0]" name="runScenario" class="io.cucumber.testng.AbstractTestNGCucumberTests"/>
      </group> <!-- cucumber -->
    </groups>
    <test started-at="2024-05-11T06:12:03 IST" name="Test" finished-at="2024-05-11T06:13:17 IST" duration-ms="73600">
      <class name="testRunner.TestRunner">
        <test-method is-config="true" signature="setUpClass(org.testng.ITestContext)[pri:0, instance:testRunner.TestRunner@247310d0]" started-at="2024-05-11T06:12:03 IST" name="setUpClass" finished-at="2024-05-11T06:12:04 IST" duration-ms="705" status="PASS">
          <params>
            <param index="0">
              <value>
                <![CDATA[org.testng.TestRunner@6bfdaed7]]>
              </value>
            </param>
          </params>
          <reporter-output>
          </reporter-output>
        </test-method> <!-- setUpClass -->
        <test-method signature="runScenario(io.cucumber.testng.PickleWrapper,io.cucumber.testng.FeatureWrapper)[pri:0, instance:testRunner.TestRunner@247310d0]" started-at="2024-05-11T06:12:04 IST" name="runScenario" description="Runs Cucumber Scenarios" data-provider="scenarios" finished-at="2024-05-11T06:12:22 IST" duration-ms="17990" status="PASS">
          <params>
            <param index="0">
              <value>
                <![CDATA["View upcoming Honda bikes under 4Lac on ZigWheels"]]>
              </value>
            </param>
            <param index="1">
              <value>
                <![CDATA["Display upcoming Honda bikes under 4Lac in India on ZigWheels"]]>
              </value>
            </param>
          </params>
          <reporter-output>
          </reporter-output>
        </test-method> <!-- runScenario -->
        <test-method signature="runScenario(io.cucumber.testng.PickleWrapper,io.cucumber.testng.FeatureWrapper)[pri:0, instance:testRunner.TestRunner@247310d0]" started-at="2024-05-11T06:12:22 IST" name="runScenario" description="Runs Cucumber Scenarios" data-provider="scenarios" finished-at="2024-05-11T06:12:56 IST" duration-ms="33962" status="PASS">
          <params>
            <param index="0">
              <value>
                <![CDATA["View popular used car models in Chennai"]]>
              </value>
            </param>
            <param index="1">
              <value>
                <![CDATA["Display popular used car models in Chennai"]]>
              </value>
            </param>
          </params>
          <reporter-output>
          </reporter-output>
        </test-method> <!-- runScenario -->
        <test-method signature="runScenario(io.cucumber.testng.PickleWrapper,io.cucumber.testng.FeatureWrapper)[pri:0, instance:testRunner.TestRunner@247310d0]" started-at="2024-05-11T06:12:56 IST" name="runScenario" description="Runs Cucumber Scenarios" data-provider="scenarios" finished-at="2024-05-11T06:13:11 IST" duration-ms="15670" status="PASS">
          <params>
            <param index="0">
              <value>
                <![CDATA["Login with invalid Google account details"]]>
              </value>
            </param>
            <param index="1">
              <value>
                <![CDATA["Google Login"]]>
              </value>
            </param>
          </params>
          <reporter-output>
          </reporter-output>
        </test-method> <!-- runScenario -->
        <test-method is-config="true" signature="tearDownClass()[pri:0, instance:testRunner.TestRunner@247310d0]" started-at="2024-05-11T06:13:11 IST" name="tearDownClass" finished-at="2024-05-11T06:13:17 IST" duration-ms="5226" status="PASS">
          <reporter-output>
          </reporter-output>
        </test-method> <!-- tearDownClass -->
      </class> <!-- testRunner.TestRunner -->
    </test> <!-- Test -->
  </suite> <!-- Suite -->
</testng-results>
